<?xml version="1.0" encoding="UTF-8"?>
<testng-results skipped="0" failed="3" ignored="0" total="7" passed="4">
  <reporter-output>
    <line>
      <![CDATA[STATUS : FAIL]]>
    </line>
    <line>
      <![CDATA[STATUS : PASS]]>
    </line>
    <line>
      <![CDATA[STATUS : FAIL]]>
    </line>
    <line>
      <![CDATA[STATUS : PASS]]>
    </line>
    <line>
      <![CDATA[STATUS : FAIL]]>
    </line>
    <line>
      <![CDATA[STATUS : PASS]]>
    </line>
    <line>
      <![CDATA[STATUS : PASS]]>
    </line>
  </reporter-output>
  <suite name="MiralCreative" duration-ms="154985" started-at="2017-07-13T11:09:37Z" finished-at="2017-07-13T11:12:12Z">
    <groups>
    </groups>
    <test name="Test" duration-ms="154985" started-at="2017-07-13T11:09:37Z" finished-at="2017-07-13T11:12:12Z">
      <class name="com.miral.galenDefination.Home_Page">
        <test-method status="PASS" signature="initDriver([Ljava.lang.Object;)[pri:0, instance:com.miral.galenDefination.Home_Page@7e0b0338]" name="initDriver" is-config="true" duration-ms="4866" started-at="2017-07-13T16:39:37Z" finished-at="2017-07-13T16:39:42Z">
          <params>
            <param index="0">
              <value>
                <![CDATA[[Ljava.lang.Object;@e6516e]]>
              </value>
            </param>
          </params>
          <reporter-output>
          </reporter-output>
        </test-method> <!-- initDriver -->
        <test-method status="PASS" signature="initReport(java.lang.reflect.Method)[pri:0, instance:com.miral.galenDefination.Home_Page@7e0b0338]" name="initReport" is-config="true" duration-ms="12" started-at="2017-07-13T16:39:42Z" finished-at="2017-07-13T16:39:42Z">
          <params>
            <param index="0">
              <value>
                <![CDATA[public void com.miral.galenDefination.Home_Page.YasHomePageUIOnDesktop() throws java.io.IOException]]>
              </value>
            </param>
          </params>
          <reporter-output>
          </reporter-output>
        </test-method> <!-- initReport -->
        <test-method status="FAIL" signature="YasHomePageUIOnDesktop()[pri:0, instance:com.miral.galenDefination.Home_Page@7e0b0338]" name="YasHomePageUIOnDesktop" duration-ms="19548" started-at="2017-07-13T16:39:42Z" finished-at="2017-07-13T16:40:02Z">
          <exception class="com.galenframework.support.LayoutValidationException">
            <message>
              <![CDATA[D:\GalenJAVA\LastStandGalen/src/test/resources/spec/YasHomepage.spec, tags: [Desktop]
  - "contactus" is not visible on page (D:\GalenJAVA\LastStandGalen/src/test/resources/spec/YasHomepage.spec:34)
]]>
            </message>
            <full-stacktrace>
              <![CDATA[com.galenframework.support.LayoutValidationException: D:\GalenJAVA\LastStandGalen/src/test/resources/spec/YasHomepage.spec, tags: [Desktop]
  - "contactus" is not visible on page (D:\GalenJAVA\LastStandGalen/src/test/resources/spec/YasHomepage.spec:34)

	at com.galenframework.support.GalenJavaTestBase.checkLayout(GalenJavaTestBase.java:123)
	at com.galenframework.support.GalenJavaTestBase.checkLayout(GalenJavaTestBase.java:105)
	at com.miral.galenDefination.Home_Page.YasHomePageUIOnDesktop(Home_Page.java:21)
	at sun.reflect.NativeMethodAccessorImpl.invoke0(Native Method)
	at sun.reflect.NativeMethodAccessorImpl.invoke(NativeMethodAccessorImpl.java:62)
	at sun.reflect.DelegatingMethodAccessorImpl.invoke(DelegatingMethodAccessorImpl.java:43)
	at java.lang.reflect.Method.invoke(Method.java:498)
	at org.testng.internal.MethodInvocationHelper.invokeMethod(MethodInvocationHelper.java:108)
	at org.testng.internal.Invoker.invokeMethod(Invoker.java:661)
	at org.testng.internal.Invoker.invokeTestMethod(Invoker.java:869)
	at org.testng.internal.Invoker.invokeTestMethods(Invoker.java:1193)
	at org.testng.internal.TestMethodWorker.invokeTestMethods(TestMethodWorker.java:126)
	at org.testng.internal.TestMethodWorker.run(TestMethodWorker.java:109)
	at org.testng.TestRunner.privateRun(TestRunner.java:744)
	at org.testng.TestRunner.run(TestRunner.java:602)
	at org.testng.SuiteRunner.runTest(SuiteRunner.java:380)
	at org.testng.SuiteRunner.runSequentially(SuiteRunner.java:375)
	at org.testng.SuiteRunner.privateRun(SuiteRunner.java:340)
	at org.testng.SuiteRunner.run(SuiteRunner.java:289)
	at org.testng.SuiteRunnerWorker.runSuite(SuiteRunnerWorker.java:52)
	at org.testng.SuiteRunnerWorker.run(SuiteRunnerWorker.java:86)
	at org.testng.TestNG.runSuitesSequentially(TestNG.java:1301)
	at org.testng.TestNG.runSuitesLocally(TestNG.java:1226)
	at org.testng.TestNG.runSuites(TestNG.java:1144)
	at org.testng.TestNG.run(TestNG.java:1115)
	at org.testng.remote.AbstractRemoteTestNG.run(AbstractRemoteTestNG.java:132)
	at org.testng.remote.RemoteTestNG.initAndRun(RemoteTestNG.java:230)
	at org.testng.remote.RemoteTestNG.main(RemoteTestNG.java:76)
]]>
            </full-stacktrace>
          </exception> <!-- com.galenframework.support.LayoutValidationException -->
          <reporter-output>
            <line>
              <![CDATA[STATUS : FAIL]]>
            </line>
          </reporter-output>
        </test-method> <!-- YasHomePageUIOnDesktop -->
        <test-method status="PASS" signature="quitDriver()[pri:0, instance:com.miral.galenDefination.Home_Page@7e0b0338]" name="quitDriver" is-config="true" duration-ms="1577" started-at="2017-07-13T16:40:02Z" finished-at="2017-07-13T16:40:03Z">
          <reporter-output>
          </reporter-output>
        </test-method> <!-- quitDriver -->
        <test-method status="PASS" signature="initDriver([Ljava.lang.Object;)[pri:0, instance:com.miral.galenDefination.Home_Page@7e0b0338]" name="initDriver" is-config="true" duration-ms="2963" started-at="2017-07-13T16:40:03Z" finished-at="2017-07-13T16:40:06Z">
          <params>
            <param index="0">
              <value>
                <![CDATA[[Ljava.lang.Object;@388ffbc2]]>
              </value>
            </param>
          </params>
          <reporter-output>
          </reporter-output>
        </test-method> <!-- initDriver -->
        <test-method status="PASS" signature="initReport(java.lang.reflect.Method)[pri:0, instance:com.miral.galenDefination.Home_Page@7e0b0338]" name="initReport" is-config="true" duration-ms="1" started-at="2017-07-13T16:40:06Z" finished-at="2017-07-13T16:40:06Z">
          <params>
            <param index="0">
              <value>
                <![CDATA[public void com.miral.galenDefination.Home_Page.YasHomePageUIOnMobile() throws java.io.IOException]]>
              </value>
            </param>
          </params>
          <reporter-output>
          </reporter-output>
        </test-method> <!-- initReport -->
        <test-method status="PASS" signature="YasHomePageUIOnMobile()[pri:0, instance:com.miral.galenDefination.Home_Page@7e0b0338]" name="YasHomePageUIOnMobile" duration-ms="15264" started-at="2017-07-13T16:40:06Z" finished-at="2017-07-13T16:40:21Z">
          <reporter-output>
            <line>
              <![CDATA[STATUS : PASS]]>
            </line>
          </reporter-output>
        </test-method> <!-- YasHomePageUIOnMobile -->
        <test-method status="PASS" signature="quitDriver()[pri:0, instance:com.miral.galenDefination.Home_Page@7e0b0338]" name="quitDriver" is-config="true" duration-ms="1386" started-at="2017-07-13T16:40:21Z" finished-at="2017-07-13T16:40:23Z">
          <reporter-output>
          </reporter-output>
        </test-method> <!-- quitDriver -->
        <test-method status="PASS" signature="initDriver([Ljava.lang.Object;)[pri:0, instance:com.miral.galenDefination.Home_Page@7e0b0338]" name="initDriver" is-config="true" duration-ms="2655" started-at="2017-07-13T16:40:23Z" finished-at="2017-07-13T16:40:25Z">
          <params>
            <param index="0">
              <value>
                <![CDATA[[Ljava.lang.Object;@a50b09c]]>
              </value>
            </param>
          </params>
          <reporter-output>
          </reporter-output>
        </test-method> <!-- initDriver -->
        <test-method status="PASS" signature="initReport(java.lang.reflect.Method)[pri:0, instance:com.miral.galenDefination.Home_Page@7e0b0338]" name="initReport" is-config="true" duration-ms="1" started-at="2017-07-13T16:40:25Z" finished-at="2017-07-13T16:40:25Z">
          <params>
            <param index="0">
              <value>
                <![CDATA[public void com.miral.galenDefination.Home_Page.YasHomePageUIOnTablet() throws java.io.IOException]]>
              </value>
            </param>
          </params>
          <reporter-output>
          </reporter-output>
        </test-method> <!-- initReport -->
        <test-method status="FAIL" signature="YasHomePageUIOnTablet()[pri:0, instance:com.miral.galenDefination.Home_Page@7e0b0338]" name="YasHomePageUIOnTablet" duration-ms="18411" started-at="2017-07-13T16:40:25Z" finished-at="2017-07-13T16:40:44Z">
          <exception class="com.galenframework.support.LayoutValidationException">
            <message>
              <![CDATA[D:\GalenJAVA\LastStandGalen/src/test/resources/spec/YasHomepage.spec, tags: [tablet]
  - "contactus" is not visible on page (D:\GalenJAVA\LastStandGalen/src/test/resources/spec/YasHomepage.spec:34)
]]>
            </message>
            <full-stacktrace>
              <![CDATA[com.galenframework.support.LayoutValidationException: D:\GalenJAVA\LastStandGalen/src/test/resources/spec/YasHomepage.spec, tags: [tablet]
  - "contactus" is not visible on page (D:\GalenJAVA\LastStandGalen/src/test/resources/spec/YasHomepage.spec:34)

	at com.galenframework.support.GalenJavaTestBase.checkLayout(GalenJavaTestBase.java:123)
	at com.galenframework.support.GalenJavaTestBase.checkLayout(GalenJavaTestBase.java:105)
	at com.miral.galenDefination.Home_Page.YasHomePageUIOnTablet(Home_Page.java:35)
	at sun.reflect.NativeMethodAccessorImpl.invoke0(Native Method)
	at sun.reflect.NativeMethodAccessorImpl.invoke(NativeMethodAccessorImpl.java:62)
	at sun.reflect.DelegatingMethodAccessorImpl.invoke(DelegatingMethodAccessorImpl.java:43)
	at java.lang.reflect.Method.invoke(Method.java:498)
	at org.testng.internal.MethodInvocationHelper.invokeMethod(MethodInvocationHelper.java:108)
	at org.testng.internal.Invoker.invokeMethod(Invoker.java:661)
	at org.testng.internal.Invoker.invokeTestMethod(Invoker.java:869)
	at org.testng.internal.Invoker.invokeTestMethods(Invoker.java:1193)
	at org.testng.internal.TestMethodWorker.invokeTestMethods(TestMethodWorker.java:126)
	at org.testng.internal.TestMethodWorker.run(TestMethodWorker.java:109)
	at org.testng.TestRunner.privateRun(TestRunner.java:744)
	at org.testng.TestRunner.run(TestRunner.java:602)
	at org.testng.SuiteRunner.runTest(SuiteRunner.java:380)
	at org.testng.SuiteRunner.runSequentially(SuiteRunner.java:375)
	at org.testng.SuiteRunner.privateRun(SuiteRunner.java:340)
	at org.testng.SuiteRunner.run(SuiteRunner.java:289)
	at org.testng.SuiteRunnerWorker.runSuite(SuiteRunnerWorker.java:52)
	at org.testng.SuiteRunnerWorker.run(SuiteRunnerWorker.java:86)
	at org.testng.TestNG.runSuitesSequentially(TestNG.java:1301)
	at org.testng.TestNG.runSuitesLocally(TestNG.java:1226)
	at org.testng.TestNG.runSuites(TestNG.java:1144)
	at org.testng.TestNG.run(TestNG.java:1115)
	at org.testng.remote.AbstractRemoteTestNG.run(AbstractRemoteTestNG.java:132)
	at org.testng.remote.RemoteTestNG.initAndRun(RemoteTestNG.java:230)
	at org.testng.remote.RemoteTestNG.main(RemoteTestNG.java:76)
]]>
            </full-stacktrace>
          </exception> <!-- com.galenframework.support.LayoutValidationException -->
          <reporter-output>
            <line>
              <![CDATA[STATUS : FAIL]]>
            </line>
          </reporter-output>
        </test-method> <!-- YasHomePageUIOnTablet -->
        <test-method status="PASS" signature="quitDriver()[pri:0, instance:com.miral.galenDefination.Home_Page@7e0b0338]" name="quitDriver" is-config="true" duration-ms="1566" started-at="2017-07-13T16:40:44Z" finished-at="2017-07-13T16:40:45Z">
          <reporter-output>
          </reporter-output>
        </test-method> <!-- quitDriver -->
      </class> <!-- com.miral.galenDefination.Home_Page -->
      <class name="com.miral.galenDefination.Search_Page">
        <test-method status="PASS" signature="initDriver([Ljava.lang.Object;)[pri:0, instance:com.miral.galenDefination.Search_Page@617faa95]" name="initDriver" is-config="true" duration-ms="2712" started-at="2017-07-13T16:40:45Z" finished-at="2017-07-13T16:40:48Z">
          <params>
            <param index="0">
              <value>
                <![CDATA[[Ljava.lang.Object;@4da855dd]]>
              </value>
            </param>
          </params>
          <reporter-output>
          </reporter-output>
        </test-method> <!-- initDriver -->
        <test-method status="PASS" signature="initReport(java.lang.reflect.Method)[pri:0, instance:com.miral.galenDefination.Search_Page@617faa95]" name="initReport" is-config="true" duration-ms="1" started-at="2017-07-13T16:40:48Z" finished-at="2017-07-13T16:40:48Z">
          <params>
            <param index="0">
              <value>
                <![CDATA[public void com.miral.galenDefination.Search_Page.YasSearchpageUIinDesktop() throws java.io.IOException]]>
              </value>
            </param>
          </params>
          <reporter-output>
          </reporter-output>
        </test-method> <!-- initReport -->
        <test-method status="PASS" signature="YasSearchpageUIinDesktop()[pri:0, instance:com.miral.galenDefination.Search_Page@617faa95]" name="YasSearchpageUIinDesktop" duration-ms="17455" started-at="2017-07-13T16:40:48Z" finished-at="2017-07-13T16:41:06Z">
          <reporter-output>
            <line>
              <![CDATA[STATUS : PASS]]>
            </line>
          </reporter-output>
        </test-method> <!-- YasSearchpageUIinDesktop -->
        <test-method status="PASS" signature="quitDriver()[pri:0, instance:com.miral.galenDefination.Search_Page@617faa95]" name="quitDriver" is-config="true" duration-ms="1885" started-at="2017-07-13T16:41:06Z" finished-at="2017-07-13T16:41:08Z">
          <reporter-output>
          </reporter-output>
        </test-method> <!-- quitDriver -->
        <test-method status="PASS" signature="initDriver([Ljava.lang.Object;)[pri:0, instance:com.miral.galenDefination.Search_Page@617faa95]" name="initDriver" is-config="true" duration-ms="2921" started-at="2017-07-13T16:41:08Z" finished-at="2017-07-13T16:41:10Z">
          <params>
            <param index="0">
              <value>
                <![CDATA[[Ljava.lang.Object;@6691490c]]>
              </value>
            </param>
          </params>
          <reporter-output>
          </reporter-output>
        </test-method> <!-- initDriver -->
        <test-method status="FAIL" signature="YasSearchpageUIinMobile()[pri:0, instance:com.miral.galenDefination.Search_Page@617faa95]" name="YasSearchpageUIinMobile" duration-ms="14561" started-at="2017-07-13T16:41:10Z" finished-at="2017-07-13T16:41:25Z">
          <exception class="org.openqa.selenium.ElementNotVisibleException">
            <message>
              <![CDATA[element not visible
  (Session info: chrome=59.0.3071.115)
  (Driver info: chromedriver=2.29.461591 (62ebf098771772160f391d75e589dc567915b233),platform=Windows NT 6.1.7601 SP1 x86_64) (WARNING: The server did not provide any stacktrace information)
Command duration or timeout: 192 milliseconds
Build info: version: '3.4.0', revision: 'unknown', time: 'unknown'
System info: host: 'DELKSAH168562', ip: '10.202.98.65', os.name: 'Windows 7', os.arch: 'amd64', os.version: '6.1', java.version: '1.8.0_121'
Driver info: org.openqa.selenium.chrome.ChromeDriver
Capabilities [{applicationCacheEnabled=false, rotatable=false, mobileEmulationEnabled=false, networkConnectionEnabled=false, chrome={chromedriverVersion=2.29.461591 (62ebf098771772160f391d75e589dc567915b233), userDataDir=C:\Users\Ksah1\AppData\Local\Temp\scoped_dir8680_3842}, takesHeapSnapshot=true, pageLoadStrategy=normal, databaseEnabled=false, handlesAlerts=true, hasTouchScreen=false, version=59.0.3071.115, platform=XP, browserConnectionEnabled=false, nativeEvents=true, acceptSslCerts=true, locationContextEnabled=true, webStorageEnabled=true, browserName=chrome, takesScreenshot=true, javascriptEnabled=true, cssSelectorsEnabled=true, unexpectedAlertBehaviour=}]
Session ID: 8b81bda8b0d9fcfa9ea6600d104587c5]]>
            </message>
            <full-stacktrace>
              <![CDATA[org.openqa.selenium.ElementNotVisibleException: element not visible
  (Session info: chrome=59.0.3071.115)
  (Driver info: chromedriver=2.29.461591 (62ebf098771772160f391d75e589dc567915b233),platform=Windows NT 6.1.7601 SP1 x86_64) (WARNING: The server did not provide any stacktrace information)
Command duration or timeout: 192 milliseconds
Build info: version: '3.4.0', revision: 'unknown', time: 'unknown'
System info: host: 'DELKSAH168562', ip: '10.202.98.65', os.name: 'Windows 7', os.arch: 'amd64', os.version: '6.1', java.version: '1.8.0_121'
Driver info: org.openqa.selenium.chrome.ChromeDriver
Capabilities [{applicationCacheEnabled=false, rotatable=false, mobileEmulationEnabled=false, networkConnectionEnabled=false, chrome={chromedriverVersion=2.29.461591 (62ebf098771772160f391d75e589dc567915b233), userDataDir=C:\Users\Ksah1\AppData\Local\Temp\scoped_dir8680_3842}, takesHeapSnapshot=true, pageLoadStrategy=normal, databaseEnabled=false, handlesAlerts=true, hasTouchScreen=false, version=59.0.3071.115, platform=XP, browserConnectionEnabled=false, nativeEvents=true, acceptSslCerts=true, locationContextEnabled=true, webStorageEnabled=true, browserName=chrome, takesScreenshot=true, javascriptEnabled=true, cssSelectorsEnabled=true, unexpectedAlertBehaviour=}]
Session ID: 8b81bda8b0d9fcfa9ea6600d104587c5
	at sun.reflect.NativeConstructorAccessorImpl.newInstance0(Native Method)
	at sun.reflect.NativeConstructorAccessorImpl.newInstance(NativeConstructorAccessorImpl.java:62)
	at sun.reflect.DelegatingConstructorAccessorImpl.newInstance(DelegatingConstructorAccessorImpl.java:45)
	at java.lang.reflect.Constructor.newInstance(Constructor.java:423)
	at org.openqa.selenium.remote.ErrorHandler.createThrowable(ErrorHandler.java:215)
	at org.openqa.selenium.remote.ErrorHandler.throwIfResponseFailed(ErrorHandler.java:167)
	at org.openqa.selenium.remote.RemoteWebDriver.execute(RemoteWebDriver.java:671)
	at org.openqa.selenium.remote.RemoteWebElement.execute(RemoteWebElement.java:272)
	at org.openqa.selenium.remote.RemoteWebElement.click(RemoteWebElement.java:82)
	at com.miral.galenDefination.Search_Page.YasSearchpageUIinMobile(Search_Page.java:44)
	at sun.reflect.NativeMethodAccessorImpl.invoke0(Native Method)
	at sun.reflect.NativeMethodAccessorImpl.invoke(NativeMethodAccessorImpl.java:62)
	at sun.reflect.DelegatingMethodAccessorImpl.invoke(DelegatingMethodAccessorImpl.java:43)
	at java.lang.reflect.Method.invoke(Method.java:498)
	at org.testng.internal.MethodInvocationHelper.invokeMethod(MethodInvocationHelper.java:108)
	at org.testng.internal.Invoker.invokeMethod(Invoker.java:661)
	at org.testng.internal.Invoker.invokeTestMethod(Invoker.java:869)
	at org.testng.internal.Invoker.invokeTestMethods(Invoker.java:1193)
	at org.testng.internal.TestMethodWorker.invokeTestMethods(TestMethodWorker.java:126)
	at org.testng.internal.TestMethodWorker.run(TestMethodWorker.java:109)
	at org.testng.TestRunner.privateRun(TestRunner.java:744)
	at org.testng.TestRunner.run(TestRunner.java:602)
	at org.testng.SuiteRunner.runTest(SuiteRunner.java:380)
	at org.testng.SuiteRunner.runSequentially(SuiteRunner.java:375)
	at org.testng.SuiteRunner.privateRun(SuiteRunner.java:340)
	at org.testng.SuiteRunner.run(SuiteRunner.java:289)
	at org.testng.SuiteRunnerWorker.runSuite(SuiteRunnerWorker.java:52)
	at org.testng.SuiteRunnerWorker.run(SuiteRunnerWorker.java:86)
	at org.testng.TestNG.runSuitesSequentially(TestNG.java:1301)
	at org.testng.TestNG.runSuitesLocally(TestNG.java:1226)
	at org.testng.TestNG.runSuites(TestNG.java:1144)
	at org.testng.TestNG.run(TestNG.java:1115)
	at org.testng.remote.AbstractRemoteTestNG.run(AbstractRemoteTestNG.java:132)
	at org.testng.remote.RemoteTestNG.initAndRun(RemoteTestNG.java:230)
	at org.testng.remote.RemoteTestNG.main(RemoteTestNG.java:76)
]]>
            </full-stacktrace>
          </exception> <!-- org.openqa.selenium.ElementNotVisibleException -->
          <reporter-output>
            <line>
              <![CDATA[STATUS : FAIL]]>
            </line>
          </reporter-output>
        </test-method> <!-- YasSearchpageUIinMobile -->
        <test-method status="PASS" signature="initReport(java.lang.reflect.Method)[pri:0, instance:com.miral.galenDefination.Search_Page@617faa95]" name="initReport" is-config="true" duration-ms="0" started-at="2017-07-13T16:41:10Z" finished-at="2017-07-13T16:41:10Z">
          <params>
            <param index="0">
              <value>
                <![CDATA[public void com.miral.galenDefination.Search_Page.YasSearchpageUIinMobile() throws java.io.IOException]]>
              </value>
            </param>
          </params>
          <reporter-output>
          </reporter-output>
        </test-method> <!-- initReport -->
        <test-method status="PASS" signature="quitDriver()[pri:0, instance:com.miral.galenDefination.Search_Page@617faa95]" name="quitDriver" is-config="true" duration-ms="1671" started-at="2017-07-13T16:41:25Z" finished-at="2017-07-13T16:41:27Z">
          <reporter-output>
          </reporter-output>
        </test-method> <!-- quitDriver -->
        <test-method status="PASS" signature="initDriver([Ljava.lang.Object;)[pri:0, instance:com.miral.galenDefination.Search_Page@617faa95]" name="initDriver" is-config="true" duration-ms="2797" started-at="2017-07-13T16:41:27Z" finished-at="2017-07-13T16:41:30Z">
          <params>
            <param index="0">
              <value>
                <![CDATA[[Ljava.lang.Object;@2187fff7]]>
              </value>
            </param>
          </params>
          <reporter-output>
          </reporter-output>
        </test-method> <!-- initDriver -->
        <test-method status="PASS" signature="YasSearchpageUIinTablet()[pri:0, instance:com.miral.galenDefination.Search_Page@617faa95]" name="YasSearchpageUIinTablet" duration-ms="14668" started-at="2017-07-13T16:41:30Z" finished-at="2017-07-13T16:41:44Z">
          <reporter-output>
            <line>
              <![CDATA[STATUS : PASS]]>
            </line>
          </reporter-output>
        </test-method> <!-- YasSearchpageUIinTablet -->
        <test-method status="PASS" signature="initReport(java.lang.reflect.Method)[pri:0, instance:com.miral.galenDefination.Search_Page@617faa95]" name="initReport" is-config="true" duration-ms="0" started-at="2017-07-13T16:41:30Z" finished-at="2017-07-13T16:41:30Z">
          <params>
            <param index="0">
              <value>
                <![CDATA[public void com.miral.galenDefination.Search_Page.YasSearchpageUIinTablet() throws java.io.IOException]]>
              </value>
            </param>
          </params>
          <reporter-output>
          </reporter-output>
        </test-method> <!-- initReport -->
        <test-method status="PASS" signature="quitDriver()[pri:0, instance:com.miral.galenDefination.Search_Page@617faa95]" name="quitDriver" is-config="true" duration-ms="1371" started-at="2017-07-13T16:41:44Z" finished-at="2017-07-13T16:41:46Z">
          <reporter-output>
          </reporter-output>
        </test-method> <!-- quitDriver -->
      </class> <!-- com.miral.galenDefination.Search_Page -->
      <class name="com.miral.galenDefination.ContactUs_Page">
        <test-method status="PASS" signature="initDriver([Ljava.lang.Object;)[pri:0, instance:com.miral.galenDefination.ContactUs_Page@1e127982]" name="initDriver" is-config="true" duration-ms="3129" started-at="2017-07-13T16:41:46Z" finished-at="2017-07-13T16:41:49Z">
          <params>
            <param index="0">
              <value>
                <![CDATA[[Ljava.lang.Object;@2e5c7f0b]]>
              </value>
            </param>
          </params>
          <reporter-output>
          </reporter-output>
        </test-method> <!-- initDriver -->
        <test-method status="PASS" signature="initReport(java.lang.reflect.Method)[pri:0, instance:com.miral.galenDefination.ContactUs_Page@1e127982]" name="initReport" is-config="true" duration-ms="0" started-at="2017-07-13T16:41:49Z" finished-at="2017-07-13T16:41:49Z">
          <params>
            <param index="0">
              <value>
                <![CDATA[public void com.miral.galenDefination.ContactUs_Page.YasContactUsUIinDesktop() throws java.io.IOException]]>
              </value>
            </param>
          </params>
          <reporter-output>
          </reporter-output>
        </test-method> <!-- initReport -->
        <test-method status="PASS" signature="YasContactUsUIinDesktop()[pri:0, instance:com.miral.galenDefination.ContactUs_Page@1e127982]" name="YasContactUsUIinDesktop" duration-ms="21835" started-at="2017-07-13T16:41:49Z" finished-at="2017-07-13T16:42:11Z">
          <reporter-output>
            <line>
              <![CDATA[STATUS : PASS]]>
            </line>
          </reporter-output>
        </test-method> <!-- YasContactUsUIinDesktop -->
        <test-method status="PASS" signature="quitDriver()[pri:0, instance:com.miral.galenDefination.ContactUs_Page@1e127982]" name="quitDriver" is-config="true" duration-ms="1615" started-at="2017-07-13T16:42:11Z" finished-at="2017-07-13T16:42:12Z">
          <reporter-output>
          </reporter-output>
        </test-method> <!-- quitDriver -->
      </class> <!-- com.miral.galenDefination.ContactUs_Page -->
    </test> <!-- Test -->
  </suite> <!-- MiralCreative -->
</testng-results>
